
ROM used:   165/8192 (2%)
            165/8192 (2%) including unused fragments

            0.2 Average locations per line
            8.3 Average locations per statement

RAM used:   12/368 (3%) at main() level
            12/368 (3%) worst case

Stack used: 1 worst case (1 in main + 0 for interrupts)
Stack size: 8

Lines Stmts  %   Files
----- ----- ---  -----
   29    20 100  cum.c
  639     0   0  ..\..\..\..\Program Files (x86)\PIC\Devices\16F877.h
----- -----
  668    20 Total

Page ROM  %  RAM   Vol Diff  Functions:
---- --- --- ---   --- ----  ----------
0     20  12    1             @delay_ms1
0    141  85    2   497  3.3  main
 Inline         0             @cinit1

Program metrics:
    Functions               1
    Statements              20
    Comments                127
    Volume (V)              502
    Difficulty (D)          3.2
    Effort to implement (E) 1600
    Time to implement (T)   1 minutes
    Est Delivered Bugs (B)  0
    Cyclomatic Complexity   1
    Maintainability (MI)    41

 Segment     Used  Free
-----------  ----  ----
00000-00003     4  0  
00004-007FF   161  1883  
00800-00FFF     0  2048  
01000-017FF     0  2048  
01800-01FFF     0  2048  



