
ROM used:   1105/8192 (13%)
            1105/8192 (13%) including unused fragments

            1.5 Average locations per line
            26.3 Average locations per statement

RAM used:   16/368 (4%) at main() level
            38/368 (10%) worst case

Stack used: 2 worst case (2 in main + 0 for interrupts)
Stack size: 8

Lines Stmts  %   Files
----- ----- ---  -----
  121    42 100  giu.c
  639     0   0  ..\..\..\..\Program Files (x86)\PIC\Devices\16F877.h
----- -----
  760    42 Total

Page ROM  %  RAM   Vol Diff  Functions:
---- --- --- ---   --- ----  ----------
0     20   2    1             @delay_ms1
0     22   2    1    92  1.3  lcd_init
0     23   2    1   104  1.3  lcd_cmd
0     23   2    1   104  1.3  lcd_data
0      8   1    2    39  1.5  lcd_line1
0    190  17    4   409  4.9  MAIN
0     31   3    2             @ITOF
0    117  11   13             @MULFF
0    202  18   14             @DIVFF
0      6   1    0             @const642
0     89   8    5             @PSTRINGCN7_617
 Inline         5             @FTOSD
0     79   7   13             @DIV3232
0    226  20   13             @PRINTF_L32D_617FPFPF
0     65   6   10             @FLT
 Inline         0             @cinit1

Program metrics:
    Functions               5
    Statements              42
    Comments                111
    Volume (V)              1093
    Difficulty (D)          9.2
    Effort to implement (E) 10008
    Time to implement (T)   9 minutes
    Est Delivered Bugs (B)  0
    Cyclomatic Complexity   1
    Maintainability (MI)    151

 Segment     Used  Free
-----------  ----  ----
00000-00003     4  0  
00004-007FF  1101  943  
00800-00FFF     0  2048  
01000-017FF     0  2048  
01800-01FFF     0  2048  



