
ROM used:   3459/8192 (42%)
            4054/8192 (49%) including unused fragments

            1.2 Average locations per line
            6.2 Average locations per statement

RAM used:   77/368 (21%) at main() level
            118/368 (32%) worst case

Stack used: 2 worst case (2 in main + 0 for interrupts)
Stack size: 8

Lines Stmts  %   Files
----- ----- ---  -----
  357   195  35  sdo.c
  671     0   0  ..\..\..\..\Program Files (x86)\PIC\Devices\16F877A.h
  422     0   0  ..\..\..\..\Program Files (x86)\PIC\Drivers\string.h
   32     0   0  ..\..\..\..\Program Files (x86)\PIC\Drivers\stddef.h
   28     0   0  ..\..\..\..\Program Files (x86)\PIC\Drivers\ctype.h
 1351   359  65  ..\..\..\..\Program Files (x86)\PIC\Drivers\stdlib.h
----- -----
 2861   554 Total

Page ROM  %  RAM   Vol Diff  Functions:
---- --- --- ---   --- ----  ----------
0     20   1    1             @delay_ms1
0     15   0    1   485  7.8  @delay_us1
0    119   3   13             @MULFF
0     29   1    2             @ITOF
0    326   9   16             @ADDFF
0    204   6   14  1815 10.5  @DIVFF
0     23   1    1   104  1.3  lcd_cmd
0     23   1    1   104  1.3  lcd_data
0     18   1    3   136  3.3  lcd_rscrol
0      6   0    2    39  1.5  lcd_line1
0      6   0    2    39  1.5  lcd_line2
1   2006  58    4  6903 10.5  MAIN
0      5   0    0             @const933
0     84   2    4             @PSTRINGC7_914
0      7   0    0             @const935
0      5   0    0             @const936
0      5   0    0             @const937
0      7   0    0             @const938
0    122   4    5             @PSTRINGCN7_914
 Inline         5             @FTOSD
0     81   2   13             @DIV3232
0    244   7   13             @PRINTF_L32D_914FPFPF
0      7   0    0             @const949
0      7   0    0             @const950
0      7   0    0             @const952
0      7   0    0             @const953
0      7   0    0             @const954
0     65   2   10             @FLT
 Inline         0             @cinit1

Program metrics:
    Functions               8
    Statements              554
    Comments                638
    Volume (V)              11726
    Difficulty (D)          37.5
    Effort to implement (E) 439150
    Time to implement (T)   6 hours, 47 minutes
    Est Delivered Bugs (B)  2
    Cyclomatic Complexity   31
    Maintainability (MI)    111

 Segment     Used  Free
-----------  ----  ----
00000-00003     4  0  
00004-007FF  1449  595  
00800-00FFF  2006  42  
01000-017FF     0  2048  
01800-01FFF     0  2048  



