
ROM used:   32/8192 (0%)
            32/8192 (0%) including unused fragments

            0.0 Average locations per line
            4.0 Average locations per statement

RAM used:   6/368 (2%) at main() level
            6/368 (2%) worst case

Stack used: 0 worst case (0 in main + 0 for interrupts)
Stack size: 8

Lines Stmts  %   Files
----- ----- ---  -----
   23     8 100  cv.c
  639     0   0  ..\..\..\..\Program Files (x86)\PIC\Devices\16F877.h
----- -----
  662     8 Total

Page ROM  %  RAM   Vol Diff  Functions:
---- --- --- ---   --- ----  ----------
0     28  88    1   119  2.9  main
 Inline         0             @cinit1

Program metrics:
    Functions               1
    Statements              8
    Comments                111
    Volume (V)              121
    Difficulty (D)          2.7
    Effort to implement (E) 326
    Time to implement (T)   0 minutes
    Est Delivered Bugs (B)  0
    Cyclomatic Complexity   1
    Maintainability (MI)    83

 Segment     Used  Free
-----------  ----  ----
00000-00003     4  0  
00004-007FF    28  2016  
00800-00FFF     0  2048  
01000-017FF     0  2048  
01800-01FFF     0  2048  



