
ROM used:   3505/8192 (43%)
            4093/8192 (50%) including unused fragments

            1.3 Average locations per line
            5.9 Average locations per statement

RAM used:   73/368 (20%) at main() level
            117/368 (32%) worst case

Stack used: 2 worst case (2 in main + 0 for interrupts)
Stack size: 8

Lines Stmts  %   Files
----- ----- ---  -----
  310   236  40  hfk.c
  639     0   0  ..\..\..\..\Program Files (x86)\PIC\Devices\16F877.h
  422     0   0  ..\..\..\..\Program Files (x86)\PIC\Drivers\string.h
   32     0   0  ..\..\..\..\Program Files (x86)\PIC\Drivers\stddef.h
   28     0   0  ..\..\..\..\Program Files (x86)\PIC\Drivers\ctype.h
 1351   359  60  ..\..\..\..\Program Files (x86)\PIC\Drivers\stdlib.h
----- -----
 2782   595 Total

Page ROM  %  RAM   Vol Diff  Functions:
---- --- --- ---   --- ----  ----------
0     20   1    1             @delay_ms1
0    119   3   13             @MULFF
0     29   1    2             @ITOF
0    326   9   16             @ADDFF
0    217   6   14             @DIVFF
0     22   1    1    92  1.3  lcd_init
0     23   1    1   104  1.3  lcd_cmd
0     23   1    1   104  1.3  lcd_data
0     18   1    3   136  3.3  lcd_rscrol
0      6   0    2    39  1.5  lcd_line1
0      6   0    2    39  1.5  lcd_line2
1   2045  58    4  8291 10.5  MAIN
0      4   0    0             @const925
0     84   2    4             @PSTRINGC7_906
0      8   0    0             @const927
0      7   0    0             @const928
0      5   0    0             @const929
0      7   0    0             @const930
0      5   0    0             @const931
0      5   0    0             @const932
0      7   0    0             @const933
0     90   3    5             @PSTRINGCN7_906
 Inline         5             @FTOSD
0     81   2   13             @DIV3232
0    244   7   13             @PRINTF_L32D_906FPFPF
0      7   0    0             @const944
0      7   0    0             @const945
0      7   0    0             @const947
0      7   0    0             @const948
0      7   0    0             @const949
0     65   2   10             @FLT
 Inline         0             @cinit1

Program metrics:
    Functions               7
    Statements              595
    Comments                630
    Volume (V)              9765
    Difficulty (D)          20.9
    Effort to implement (E) 204073
    Time to implement (T)   3 hours, 9 minutes
    Est Delivered Bugs (B)  1
    Cyclomatic Complexity   26
    Maintainability (MI)    103

 Segment     Used  Free
-----------  ----  ----
00000-00003     4  0  
00004-007FF  1456  588  
00800-00FFF  2045  3  
01000-017FF     0  2048  
01800-01FFF     0  2048  



