
ROM used:   1687/8192 (21%)
            1687/8192 (21%) including unused fragments

            0.6 Average locations per line
            3.7 Average locations per statement

RAM used:   61/368 (17%) at main() level
            100/368 (27%) worst case

Stack used: 1 worst case (1 in main + 0 for interrupts)
Stack size: 8

Lines Stmts  %   Files
----- ----- ---  -----
  176    98  21  mkd.c
  671     0   0  ..\..\..\..\Program Files (x86)\PIC\Devices\16F877A.h
  422     0   0  ..\..\..\..\Program Files (x86)\PIC\Drivers\string.h
   32     0   0  ..\..\..\..\Program Files (x86)\PIC\Drivers\stddef.h
   28     0   0  ..\..\..\..\Program Files (x86)\PIC\Drivers\ctype.h
 1351   359  79  ..\..\..\..\Program Files (x86)\PIC\Drivers\stdlib.h
----- -----
 2680   457 Total

Page ROM  %  RAM   Vol Diff  Functions:
---- --- --- ---   --- ----  ----------
0    117   7   13             @MULFF
0     29   2    2             @ITOF
0    369  22   16             @ADDFF
0    202  12   14             @DIVFF
0    903  54    4  3668  9.0  MAIN
0     63   4   10             @FLT
 Inline         0             @cinit1

Program metrics:
    Functions               1
    Statements              457
    Comments                638
    Volume (V)              3685
    Difficulty (D)          8.7
    Effort to implement (E) 32239
    Time to implement (T)   30 minutes
    Est Delivered Bugs (B)  0
    Cyclomatic Complexity   17
    Maintainability (MI)    75

 Segment     Used  Free
-----------  ----  ----
00000-00003     4  0  
00004-007FF  1683  361  
00800-00FFF     0  2048  
01000-017FF     0  2048  
01800-01FFF     0  2048  



