
ROM used:   1566/8192 (19%)
            1566/8192 (19%) including unused fragments

            0.6 Average locations per line
            3.4 Average locations per statement

RAM used:   53/368 (14%) at main() level
            70/368 (19%) worst case

Stack used: 2 worst case (2 in main + 0 for interrupts)
Stack size: 8

Lines Stmts  %   Files
----- ----- ---  -----
  216    95  21  bft.c
  639     0   0  ..\..\..\..\Program Files (x86)\PIC\Devices\16F877.h
  422     0   0  ..\..\..\..\Program Files (x86)\PIC\Drivers\string.h
   32     0   0  ..\..\..\..\Program Files (x86)\PIC\Drivers\stddef.h
   28     0   0  ..\..\..\..\Program Files (x86)\PIC\Drivers\ctype.h
 1351   359  79  ..\..\..\..\Program Files (x86)\PIC\Drivers\stdlib.h
----- -----
 2688   454 Total

Page ROM  %  RAM   Vol Diff  Functions:
---- --- --- ---   --- ----  ----------
0     20   1    1             @delay_ms1
0    117   7   13             @MULFF
0     29   2    2             @ITOF
0    321  20   16             @ADDFF
0    202  13   14             @DIVFF
0     22   1    1    92  1.3  lcd_init
0     23   1    1   104  1.3  lcd_cmd
0     23   1    1   104  1.3  lcd_data
0     18   1    3   136  3.3  lcd_rscrol
0      6   0    2    39  1.5  lcd_line1
0      6   0    2    39  1.5  lcd_line2
0    604  39    4  2121  8.7  MAIN
0      5   0    0             @const917
0     86   5    4             @PSTRINGC7_898
0      7   0    0             @const919
0      5   0    0             @const920
0      5   0    0             @const921
0     63   4   10             @FLT
 Inline         0             @cinit1

Program metrics:
    Functions               7
    Statements              454
    Comments                633
    Volume (V)              3362
    Difficulty (D)          18.4
    Effort to implement (E) 61742
    Time to implement (T)   57 minutes
    Est Delivered Bugs (B)  1
    Cyclomatic Complexity   8
    Maintainability (MI)    112

 Segment     Used  Free
-----------  ----  ----
00000-00003     4  0  
00004-007FF  1562  482  
00800-00FFF     0  2048  
01000-017FF     0  2048  
01800-01FFF     0  2048  



