
ROM used:   1180/8192 (14%)
            1180/8192 (14%) including unused fragments

            0.5 Average locations per line
            2.6 Average locations per statement

RAM used:   46/368 (12%) at main() level
            78/368 (21%) worst case

Stack used: 1 worst case (1 in main + 0 for interrupts)
Stack size: 8

Lines Stmts  %   Files
----- ----- ---  -----
  150    89  20  kdg.c
  639     0   0  ..\..\..\..\Program Files (x86)\PIC\Devices\16F877.h
  422     0   0  ..\..\..\..\Program Files (x86)\PIC\Drivers\string.h
   32     0   0  ..\..\..\..\Program Files (x86)\PIC\Drivers\stddef.h
   28     0   0  ..\..\..\..\Program Files (x86)\PIC\Drivers\ctype.h
 1351   359  80  ..\..\..\..\Program Files (x86)\PIC\Drivers\stdlib.h
----- -----
 2622   448 Total

Page ROM  %  RAM   Vol Diff  Functions:
---- --- --- ---   --- ----  ----------
0     20   2    1             @delay_ms1
0     29   2    2             @ITOF
0    321  27   16             @ADDFF
0    204  17   14             @DIVFF
0    539  46    1  3011  8.5  MAIN
0     63   5   10             @FLT
 Inline         0             @cinit1

Program metrics:
    Functions               1
    Statements              448
    Comments                638
    Volume (V)              3029
    Difficulty (D)          8.3
    Effort to implement (E) 25034
    Time to implement (T)   23 minutes
    Est Delivered Bugs (B)  0
    Cyclomatic Complexity   17
    Maintainability (MI)    76

 Segment     Used  Free
-----------  ----  ----
00000-00003     4  0  
00004-007FF  1176  868  
00800-00FFF     0  2048  
01000-017FF     0  2048  
01800-01FFF     0  2048  



