
ROM used:   2969/8192 (36%)
            3592/8192 (44%) including unused fragments

            1.1 Average locations per line
            5.9 Average locations per statement

RAM used:   75/368 (20%) at main() level
            101/368 (27%) worst case

Stack used: 2 worst case (2 in main + 0 for interrupts)
Stack size: 8

Lines Stmts  %   Files
----- ----- ---  -----
  285   144  29  mt.c
  639     0   0  ..\..\..\..\Program Files (x86)\PIC\Devices\16F877.h
  422     0   0  ..\..\..\..\Program Files (x86)\PIC\Drivers\string.h
   32     0   0  ..\..\..\..\Program Files (x86)\PIC\Drivers\stddef.h
   28     0   0  ..\..\..\..\Program Files (x86)\PIC\Drivers\ctype.h
 1351   359  71  ..\..\..\..\Program Files (x86)\PIC\Drivers\stdlib.h
----- -----
 2757   503 Total

Page ROM  %  RAM   Vol Diff  Functions:
---- --- --- ---   --- ----  ----------
0     20   1    1             @delay_ms1
0    134   5   13             @MULFF
0     29   1    2             @ITOF
0    321  11   16             @ADDFF
0    202   7   14             @DIVFF
0     22   1    1    92  1.3  lcd_init
0     23   1    1   104  1.3  lcd_cmd
0     23   1    1   104  1.3  lcd_data
0     18   1    3   136  3.3  lcd_rscrol
0      6   0    2    39  1.5  lcd_line1
0      6   0    2    39  1.5  lcd_line2
0     23   1    1   127  2.6  relay
1   1544  52    4  4435  5.9  MAIN
0      5   0    0             @const923
0     86   3    4             @PSTRINGC7_903
0      7   0    0             @const925
0      5   0    0             @const926
0      5   0    0             @const927
0     33   1    4             @SFTOI
0      7   0    0             @const930
0     87   3    5             @PSTRINGCN7_903
 Inline         5             @FTOSD
0     81   3   13             @DIV3232
0    224   8   13             @PRINTF_L32D_903FPFPF
0      7   0    0             @const941
0      7   0    0             @const942
0      7   0    0             @const944
0      7   0    0             @const945
0      7   0    0             @const946
0      9   0    0             @const948
0      4   0    0             @const949
0      6   0    0             @const950
 Inline         0             @cinit1

Program metrics:
    Functions               8
    Statements              503
    Comments                630
    Volume (V)              6111
    Difficulty (D)          18.7
    Effort to implement (E) 114111
    Time to implement (T)   1 hours, 46 minutes
    Est Delivered Bugs (B)  1
    Cyclomatic Complexity   3
    Maintainability (MI)    116

 Segment     Used  Free
-----------  ----  ----
00000-00003     4  0  
00004-007FF  1421  623  
00800-00FFF  1544  504  
01000-017FF     0  2048  
01800-01FFF     0  2048  



