
ROM used:   1002/8192 (12%)
            1002/8192 (12%) including unused fragments

            1.3 Average locations per line
            27.8 Average locations per statement

RAM used:   16/368 (4%) at main() level
            38/368 (10%) worst case

Stack used: 2 worst case (2 in main + 0 for interrupts)
Stack size: 8

Lines Stmts  %   Files
----- ----- ---  -----
  107    36 100  rf.c
  671     0   0  ..\..\..\..\Program Files (x86)\PIC\Devices\16F877A.h
----- -----
  778    36 Total

Page ROM  %  RAM   Vol Diff  Functions:
---- --- --- ---   --- ----  ----------
0     21   2    1             @delay_ms1
0     22   2    1    92  1.3  lcd_init
0     30   3    1   104  1.3  lcd_cmd
0     30   3    1   104  1.3  lcd_data
0      8   1    2    39  1.5  lcd_line1
0    134  13    4   254  3.4  MAIN
0     31   3    2   341  2.7  @ITOF
0    117  12   13   341  2.7  @MULFF
0    204  20   14             @DIVFF
0      7   1    0             @const650
0     89   9    5             @PSTRINGCN7_624
 Inline         5             @FTOSD
0     79   8   13             @DIV3232
0    226  23   13             @PRINTF_L32D_624FPFPF
 Inline         0             @cinit1

Program metrics:
    Functions               7
    Statements              36
    Comments                119
    Volume (V)              1982
    Difficulty (D)          13.6
    Effort to implement (E) 26997
    Time to implement (T)   25 minutes
    Est Delivered Bugs (B)  0
    Cyclomatic Complexity   1
    Maintainability (MI)    120

 Segment     Used  Free
-----------  ----  ----
00000-00003     4  0  
00004-007FF   998  1046  
00800-00FFF     0  2048  
01000-017FF     0  2048  
01800-01FFF     0  2048  



