
ROM used:   3207/8192 (39%)
            3637/8192 (44%) including unused fragments

            1.1 Average locations per line
            5.8 Average locations per statement

RAM used:   61/368 (17%) at main() level
            104/368 (28%) worst case

Stack used: 2 worst case (2 in main + 0 for interrupts)
Stack size: 8

Lines Stmts  %   Files
----- ----- ---  -----
  351   195  35  kgd.c
  639     0   0  ..\..\..\..\Program Files (x86)\PIC\Devices\16F877.h
  422     0   0  ..\..\..\..\Program Files (x86)\PIC\Drivers\string.h
   32     0   0  ..\..\..\..\Program Files (x86)\PIC\Drivers\stddef.h
   28     0   0  ..\..\..\..\Program Files (x86)\PIC\Drivers\ctype.h
 1351   359  65  ..\..\..\..\Program Files (x86)\PIC\Drivers\stdlib.h
----- -----
 2823   554 Total

Page ROM  %  RAM   Vol Diff  Functions:
---- --- --- ---   --- ----  ----------
0     20   1    1             @delay_ms1
0     39   1    2             @MUL88
0    134   4   13             @MULFF
0     29   1    2             @ITOF
0    369  12   16             @ADDFF
0    202   6   14             @DIVFF
0     22   1    1    92  1.3  lcd_init
0     23   1    1   104  1.3  lcd_cmd
0     23   1    1   104  1.3  lcd_data
0     18   1    3   136  3.3  lcd_rscrol
0      6   0    2    39  1.5  lcd_line1
0      6   0    2    39  1.5  lcd_line2
1   1589  50    4  6748 10.5  MAIN
0      5   0    0             @const922
0     86   3    4             @PSTRINGC7_903
0      7   0    0             @const924
0      5   0    0             @const925
0      5   0    0             @const926
0      7   0    0             @const927
0     87   3    5             @PSTRINGCN7_903
 Inline         5             @FTOSD
0     81   3   13             @DIV3232
0    224   7   13             @PRINTF_L32D_903FPFPF
0      7   0    0             @const938
0      7   0    0             @const939
0      7   0    0             @const941
0      7   0    0             @const942
0      7   0    0             @const943
0     21   1    3             @DIV88
0      8   0    0             @const948
0     89   3    6             @PRINTF_D_903
0     63   2   10             @FLT
 Inline         0             @cinit1

Program metrics:
    Functions               7
    Statements              554
    Comments                630
    Volume (V)              8191
    Difficulty (D)          20.7
    Effort to implement (E) 169210
    Time to implement (T)   2 hours, 37 minutes
    Est Delivered Bugs (B)  1
    Cyclomatic Complexity   19
    Maintainability (MI)    105

 Segment     Used  Free
-----------  ----  ----
00000-00003     4  0  
00004-007FF  1614  430  
00800-00FFF  1589  459  
01000-017FF     0  2048  
01800-01FFF     0  2048  



