
ROM used:   48/8192 (1%)
            48/8192 (1%) including unused fragments

            0.1 Average locations per line
            3.7 Average locations per statement

RAM used:   6/368 (2%) at main() level
            6/368 (2%) worst case

Stack used: 0 worst case (0 in main + 0 for interrupts)
Stack size: 8

Lines Stmts  %   Files
----- ----- ---  -----
   34    13 100  hg.c
  671     0   0  ..\..\..\..\Program Files (x86)\PIC\Devices\16F877A.h
----- -----
  705    13 Total

Page ROM  %  RAM   Vol Diff  Functions:
---- --- --- ---   --- ----  ----------
0     44  92    1   216  3.1  main
 Inline         0             @cinit1

Program metrics:
    Functions               1
    Statements              13
    Comments                119
    Volume (V)              219
    Difficulty (D)          3.0
    Effort to implement (E) 651
    Time to implement (T)   1 minutes
    Est Delivered Bugs (B)  0
    Cyclomatic Complexity   2
    Maintainability (MI)    55

 Segment     Used  Free
-----------  ----  ----
00000-00003     4  0  
00004-007FF    44  2000  
00800-00FFF     0  2048  
01000-017FF     0  2048  
01800-01FFF     0  2048  



