
ROM used:   1440/8192 (18%)
            1440/8192 (18%) including unused fragments

            0.6 Average locations per line
            3.4 Average locations per statement

RAM used:   65/368 (18%) at main() level
            81/368 (22%) worst case

Stack used: 1 worst case (1 in main + 0 for interrupts)
Stack size: 8

Lines Stmts  %   Files
----- ----- ---  -----
  134    63  15  gib.c
  639     0   0  ..\..\..\..\Program Files (x86)\PIC\Devices\16F877.h
  422     0   0  ..\..\..\..\Program Files (x86)\PIC\Drivers\string.h
   32     0   0  ..\..\..\..\Program Files (x86)\PIC\Drivers\stddef.h
   28     0   0  ..\..\..\..\Program Files (x86)\PIC\Drivers\ctype.h
 1351   359  85  ..\..\..\..\Program Files (x86)\PIC\Drivers\stdlib.h
----- -----
 2606   422 Total

Page ROM  %  RAM   Vol Diff  Functions:
---- --- --- ---   --- ----  ----------
0     22   2    1             @delay_ms1
0     17   1    1             @delay_us1
0    117   8   13             @MULFF
0     29   2    2             @ITOF
0    321  22   16             @ADDFF
0    202  14   14             @DIVFF
0    665  46   53  2552 10.1  MAIN
0     63   4   10             @FLT
 Inline         0             @cinit1

Program metrics:
    Functions               1
    Statements              422
    Comments                632
    Volume (V)              2575
    Difficulty (D)          9.6
    Effort to implement (E) 24623
    Time to implement (T)   23 minutes
    Est Delivered Bugs (B)  0
    Cyclomatic Complexity   9
    Maintainability (MI)    78

 Segment     Used  Free
-----------  ----  ----
00000-00003     4  0  
00004-007FF  1436  608  
00800-00FFF     0  2048  
01000-017FF     0  2048  
01800-01FFF     0  2048  



